{"/Users/yudhistiroagung/RectNativeProject/CovidJabar/app/App.tsx": {"path":"/Users/yudhistiroagung/RectNativeProject/CovidJabar/app/App.tsx","statementMap":{"0":{"start":{"line":20,"column":12},"end":{"line":26,"column":1}},"1":{"start":{"line":21,"column":2},"end":{"line":25,"column":4}}},"fnMap":{"0":{"name":"(anonymous_0)","decl":{"start":{"line":20,"column":12},"end":{"line":20,"column":13}},"loc":{"start":{"line":20,"column":18},"end":{"line":26,"column":1}},"line":20}},"branchMap":{},"s":{"0":1,"1":1},"f":{"0":1},"b":{},"_coverageSchema":"43e27e138ebf9cfc5966b082cf9a028302ed4184","hash":"9893f5fada4b8c59c9bf8d7c6800313083a12b8c"}
,"/Users/yudhistiroagung/RectNativeProject/CovidJabar/app/Screens/index.ts": {"path":"/Users/yudhistiroagung/RectNativeProject/CovidJabar/app/Screens/index.ts","statementMap":{},"fnMap":{},"branchMap":{},"s":{},"f":{},"b":{},"_coverageSchema":"43e27e138ebf9cfc5966b082cf9a028302ed4184","hash":"fd05bf65358e071a2cb39e1afa057d8766e2c090"}
,"/Users/yudhistiroagung/RectNativeProject/CovidJabar/app/Screens/Dashboard/Dashboard.screen.tsx": {"path":"/Users/yudhistiroagung/RectNativeProject/CovidJabar/app/Screens/Dashboard/Dashboard.screen.tsx","statementMap":{"0":{"start":{"line":9,"column":18},"end":{"line":13,"column":1}},"1":{"start":{"line":10,"column":2},"end":{"line":12,"column":9}}},"fnMap":{"0":{"name":"(anonymous_0)","decl":{"start":{"line":9,"column":18},"end":{"line":9,"column":19}},"loc":{"start":{"line":10,"column":2},"end":{"line":12,"column":9}},"line":10}},"branchMap":{},"s":{"0":1,"1":1},"f":{"0":1},"b":{},"_coverageSchema":"43e27e138ebf9cfc5966b082cf9a028302ed4184","hash":"e03c1d3a37e1f730eab9959b3d5fb10622f09b56"}
,"/Users/yudhistiroagung/RectNativeProject/CovidJabar/app/Screens/Dashboard/Dashboard.style.ts": {"path":"/Users/yudhistiroagung/RectNativeProject/CovidJabar/app/Screens/Dashboard/Dashboard.style.ts","statementMap":{},"fnMap":{},"branchMap":{},"s":{},"f":{},"b":{},"_coverageSchema":"43e27e138ebf9cfc5966b082cf9a028302ed4184","hash":"93f2c2a1cfc381d6b4b1fc9dc4cc2542756e53b5"}
,"/Users/yudhistiroagung/RectNativeProject/CovidJabar/app/Screens/Dashboard/index.ts": {"path":"/Users/yudhistiroagung/RectNativeProject/CovidJabar/app/Screens/Dashboard/index.ts","statementMap":{},"fnMap":{},"branchMap":{},"s":{},"f":{},"b":{},"_coverageSchema":"43e27e138ebf9cfc5966b082cf9a028302ed4184","hash":"46a202e4e476afd7d6e4ec08db36366a1ef9e984"}
,"/Users/yudhistiroagung/RectNativeProject/CovidJabar/app/Themes/Colors.ts": {"path":"/Users/yudhistiroagung/RectNativeProject/CovidJabar/app/Themes/Colors.ts","statementMap":{},"fnMap":{},"branchMap":{},"s":{},"f":{},"b":{},"_coverageSchema":"43e27e138ebf9cfc5966b082cf9a028302ed4184","hash":"71e16285dc52494cd49faefc9ef54ce136964fd3"}
,"/Users/yudhistiroagung/RectNativeProject/CovidJabar/app/Themes/Dimens.ts": {"path":"/Users/yudhistiroagung/RectNativeProject/CovidJabar/app/Themes/Dimens.ts","statementMap":{"0":{"start":{"line":3,"column":26},"end":{"line":3,"column":50}}},"fnMap":{},"branchMap":{},"s":{"0":1},"f":{},"b":{},"_coverageSchema":"43e27e138ebf9cfc5966b082cf9a028302ed4184","hash":"e0573a1049de516321e74ea717660d6957b5a4cc"}
,"/Users/yudhistiroagung/RectNativeProject/CovidJabar/app/Themes/index.ts": {"path":"/Users/yudhistiroagung/RectNativeProject/CovidJabar/app/Themes/index.ts","statementMap":{},"fnMap":{},"branchMap":{},"s":{},"f":{},"b":{},"_coverageSchema":"43e27e138ebf9cfc5966b082cf9a028302ed4184","hash":"5f19da60002331be348dbb3da31f7bbcbbf6ff67"}
,"/Users/yudhistiroagung/RectNativeProject/CovidJabar/app/Utils/array.ts": {"path":"/Users/yudhistiroagung/RectNativeProject/CovidJabar/app/Utils/array.ts","statementMap":{"0":{"start":{"line":3,"column":28},"end":{"line":18,"column":1}},"1":{"start":{"line":7,"column":34},"end":{"line":7,"column":36}},"2":{"start":{"line":9,"column":2},"end":{"line":16,"column":5}},"3":{"start":{"line":10,"column":16},"end":{"line":10,"column":32}},"4":{"start":{"line":11,"column":4},"end":{"line":15,"column":5}},"5":{"start":{"line":12,"column":6},"end":{"line":12,"column":29}},"6":{"start":{"line":14,"column":6},"end":{"line":14,"column":26}},"7":{"start":{"line":17,"column":2},"end":{"line":17,"column":16}}},"fnMap":{"0":{"name":"(anonymous_0)","decl":{"start":{"line":3,"column":28},"end":{"line":3,"column":29}},"loc":{"start":{"line":6,"column":22},"end":{"line":18,"column":1}},"line":6},"1":{"name":"(anonymous_1)","decl":{"start":{"line":9,"column":16},"end":{"line":9,"column":17}},"loc":{"start":{"line":9,"column":29},"end":{"line":16,"column":3}},"line":9}},"branchMap":{"0":{"loc":{"start":{"line":11,"column":4},"end":{"line":15,"column":5}},"type":"if","locations":[{"start":{"line":11,"column":4},"end":{"line":15,"column":5}},{"start":{"line":11,"column":4},"end":{"line":15,"column":5}}],"line":11}},"s":{"0":1,"1":1,"2":1,"3":3,"4":3,"5":1,"6":2,"7":1},"f":{"0":1,"1":3},"b":{"0":[1,2]},"_coverageSchema":"43e27e138ebf9cfc5966b082cf9a028302ed4184","hash":"4251519ff7b829d4c373ae01ec788e3f7a77856c"}
}
