TN:
SF:/Users/yudhistiroagung/RectNativeProject/CovidJabar/app/App.tsx
FN:20,(anonymous_0)
FNF:1
FNH:1
FNDA:1,(anonymous_0)
DA:20,1
DA:21,1
LF:2
LH:2
BRF:0
BRH:0
end_of_record
TN:
SF:/Users/yudhistiroagung/RectNativeProject/CovidJabar/app/Screens/index.ts
FNF:0
FNH:0
LF:0
LH:0
BRF:0
BRH:0
end_of_record
TN:
SF:/Users/yudhistiroagung/RectNativeProject/CovidJabar/app/Screens/Dashboard/Dashboard.screen.tsx
FN:9,(anonymous_0)
FNF:1
FNH:1
FNDA:1,(anonymous_0)
DA:9,1
DA:10,1
LF:2
LH:2
BRF:0
BRH:0
end_of_record
TN:
SF:/Users/yudhistiroagung/RectNativeProject/CovidJabar/app/Screens/Dashboard/Dashboard.style.ts
FNF:0
FNH:0
LF:0
LH:0
BRF:0
BRH:0
end_of_record
TN:
SF:/Users/yudhistiroagung/RectNativeProject/CovidJabar/app/Screens/Dashboard/index.ts
FNF:0
FNH:0
LF:0
LH:0
BRF:0
BRH:0
end_of_record
TN:
SF:/Users/yudhistiroagung/RectNativeProject/CovidJabar/app/Themes/Colors.ts
FNF:0
FNH:0
LF:0
LH:0
BRF:0
BRH:0
end_of_record
TN:
SF:/Users/yudhistiroagung/RectNativeProject/CovidJabar/app/Themes/Dimens.ts
FNF:0
FNH:0
DA:3,1
LF:1
LH:1
BRF:0
BRH:0
end_of_record
TN:
SF:/Users/yudhistiroagung/RectNativeProject/CovidJabar/app/Themes/index.ts
FNF:0
FNH:0
LF:0
LH:0
BRF:0
BRH:0
end_of_record
TN:
SF:/Users/yudhistiroagung/RectNativeProject/CovidJabar/app/Utils/array.ts
FN:3,(anonymous_0)
FN:9,(anonymous_1)
FNF:2
FNH:2
FNDA:1,(anonymous_0)
FNDA:3,(anonymous_1)
DA:3,1
DA:7,1
DA:9,1
DA:10,3
DA:11,3
DA:12,1
DA:14,2
DA:17,1
LF:8
LH:8
BRDA:11,0,0,1
BRDA:11,0,1,2
BRF:2
BRH:2
end_of_record
